info it worked if it ends with ok
verbose cli [ 'node', '/usr/local/bin/npm', '-g', 'install' ]
info using npm@1.0.22
info using node@v0.5.0-pre
verbose config file /home/bryce/.npmrc
verbose config file /usr/local/etc/npmrc
silly exec /usr/local/bin/node "/usr/local/lib/node_modules/npm/bin/npm-get-uid-gid.js" "nobody" 1000
silly output from getuid/gid {"uid":65534,"gid":1000}
silly output from getuid/gid 
verbose into /usr/local/lib [ '.' ]
verbose cache add [ '.', null ]
ERR! Could not install: .
ERR! Error: ENOENT, No such file or directory 'package.json'
ERR! Report this *entire* log at:
ERR!     <http://github.com/isaacs/npm/issues>
ERR! or email it to:
ERR!     <npm-@googlegroups.com>
ERR! 
ERR! System Linux 2.6.35-22-generic
ERR! command "node" "/usr/local/bin/npm" "-g" "install"
ERR! cwd /var/www/photosite/views
ERR! node -v v0.5.0-pre
ERR! npm -v 1.0.22
verbose exit [ 2, true ]
